<?xml version="1.0" encoding="UTF-8"?>
<testng-results ignored="0" total="1" passed="1" failed="0" skipped="0">
  <reporter-output>
  </reporter-output>
  <suite started-at="2020-02-26T15:15:43 GMT" name="Default suite" finished-at="2020-02-26T15:17:01 GMT" duration-ms="78517">
    <groups>
    </groups>
    <test started-at="2020-02-26T15:15:43 GMT" name="Default test" finished-at="2020-02-26T15:17:01 GMT" duration-ms="78517">
      <class name="DoJo.DoJoApplication">
        <test-method signature="ProgrammaticNestedTabs()[pri:0, instance:DoJo.DoJoApplication@5dd6264]" started-at="2020-02-26T15:15:43 GMT" name="ProgrammaticNestedTabs" finished-at="2020-02-26T15:17:01 GMT" duration-ms="78446" status="PASS">
          <reporter-output>
          </reporter-output>
        </test-method> <!-- ProgrammaticNestedTabs -->
      </class> <!-- DoJo.DoJoApplication -->
    </test> <!-- Default test -->
  </suite> <!-- Default suite -->
</testng-results>
